Now is [Adt Income] adult.csv
讀 3*metafile 時間 0.1231 秒
現在套件是GaussianCoupula
訓練時間 21.0816 秒
Sampling rows: 100%|██████████| 10000/10000 [00:01<00:00, 7063.24it/s]
Sampling rows: 100%|██████████| 10000/10000 [00:01<00:00, 6821.77it/s]
Sampling rows: 100%|██████████| 10000/10000 [00:01<00:00, 8021.51it/s]
Sampling rows: 100%|██████████| 10000/10000 [00:01<00:00, 8149.16it/s]
Sampling rows: 100%|██████████| 10000/10000 [00:01<00:00, 8179.29it/s]
Sampling rows: 100%|██████████| 10000/10000 [00:01<00:00, 8062.93it/s]
Sampling rows: 100%|██████████| 10000/10000 [00:01<00:00, 7395.71it/s]
Sampling rows: 100%|██████████| 10000/10000 [00:01<00:00, 8096.40it/s]
Sampling rows: 100%|██████████| 10000/10000 [00:01<00:00, 7796.37it/s]
Sampling rows: 100%|██████████| 10000/10000 [00:01<00:00, 8162.82it/s]
合成 10 次 10K 筆時間 13.5832 秒
Sampling rows: : 49000it [00:05, 8396.67it/s]                         
合成一次同筆數時間 6.1359 秒
Done: [Adt Income]_[SDV]_[GaussianCoupula]_20231106_093622_Asia_Taipei
現在套件是CTGAN
訓練時間 4523.9741 秒
Sampling rows: 100%|██████████| 10000/10000 [00:01<00:00, 5154.65it/s]
Sampling rows: 100%|██████████| 10000/10000 [00:01<00:00, 5319.50it/s]
Sampling rows: 100%|██████████| 10000/10000 [00:01<00:00, 6237.77it/s]
Sampling rows: 100%|██████████| 10000/10000 [00:01<00:00, 5531.54it/s]
Sampling rows: 100%|██████████| 10000/10000 [00:01<00:00, 5651.96it/s]
Sampling rows: 100%|██████████| 10000/10000 [00:01<00:00, 6257.34it/s]
Sampling rows: 100%|██████████| 10000/10000 [00:01<00:00, 6067.33it/s]
Sampling rows: 100%|██████████| 10000/10000 [00:01<00:00, 6170.26it/s]
Sampling rows: 100%|██████████| 10000/10000 [00:01<00:00, 5886.98it/s]
Sampling rows: 100%|██████████| 10000/10000 [00:01<00:00, 6247.40it/s]
合成 10 次 10K 筆時間 17.8464 秒
Sampling rows: : 49000it [00:07, 6714.88it/s]                         
合成一次同筆數時間 7.5554 秒
Done: [Adt Income]_[SDV]_[CTGAN]_20231106_093702_Asia_Taipei
現在套件是TVAE
訓練時間 2244.1592 秒
Sampling rows: 100%|██████████| 10000/10000 [00:01<00:00, 6361.36it/s]
Sampling rows: 100%|██████████| 10000/10000 [00:01<00:00, 6973.54it/s]
Sampling rows: 100%|██████████| 10000/10000 [00:01<00:00, 7485.09it/s]
Sampling rows: 100%|██████████| 10000/10000 [00:01<00:00, 7564.34it/s]
Sampling rows: 100%|██████████| 10000/10000 [00:01<00:00, 6734.05it/s]
Sampling rows: 100%|██████████| 10000/10000 [00:01<00:00, 7616.20it/s]
Sampling rows: 100%|██████████| 10000/10000 [00:01<00:00, 6583.32it/s]
Sampling rows: 100%|██████████| 10000/10000 [00:01<00:00, 6531.73it/s]
Sampling rows: 100%|██████████| 10000/10000 [00:01<00:00, 7507.56it/s]
Sampling rows: 100%|██████████| 10000/10000 [00:01<00:00, 7127.63it/s]
合成 10 次 10K 筆時間 14.7339 秒
Sampling rows: : 49000it [00:06, 7304.76it/s]                         
合成一次同筆數時間 6.873 秒
Done: [Adt Income]_[SDV]_[TVAE]_20231106_105252_Asia_Taipei
現在套件是CoupulaGAN
訓練時間 4295.7088 秒
Sampling rows: 100%|██████████| 10000/10000 [00:02<00:00, 4480.32it/s]
Sampling rows: 100%|██████████| 10000/10000 [00:02<00:00, 4576.68it/s]
Sampling rows: 100%|██████████| 10000/10000 [00:02<00:00, 4812.35it/s]
Sampling rows: 100%|██████████| 10000/10000 [00:02<00:00, 4842.65it/s]
Sampling rows: 100%|██████████| 10000/10000 [00:02<00:00, 4921.28it/s]
Sampling rows: 100%|██████████| 10000/10000 [00:02<00:00, 4462.32it/s]
Sampling rows: 100%|██████████| 10000/10000 [00:02<00:00, 4992.55it/s]
Sampling rows: 100%|██████████| 10000/10000 [00:02<00:00, 4928.57it/s]
Sampling rows: 100%|██████████| 10000/10000 [00:02<00:00, 4859.12it/s]
Sampling rows: 100%|██████████| 10000/10000 [00:02<00:00, 4948.08it/s]
合成 10 次 10K 筆時間 21.3859 秒
Sampling rows: : 49000it [00:09, 4931.10it/s]                         
合成一次同筆數時間 10.0799 秒
Done: [Adt Income]_[SDV]_[CoupulaGAN]_20231106_113038_Asia_Taipei
Now is [Census] adult.data
讀 3*metafile 時間 0.177 秒
現在套件是GaussianCoupula
訓練時間 13.6839 秒
Sampling rows: 100%|██████████| 10000/10000 [00:01<00:00, 8431.76it/s]
Sampling rows: 100%|██████████| 10000/10000 [00:01<00:00, 7241.17it/s]
Sampling rows: 100%|██████████| 10000/10000 [00:01<00:00, 8481.81it/s]
Sampling rows: 100%|██████████| 10000/10000 [00:01<00:00, 8873.17it/s]
Sampling rows: 100%|██████████| 10000/10000 [00:01<00:00, 8818.38it/s]
Sampling rows: 100%|██████████| 10000/10000 [00:01<00:00, 8952.59it/s]
Sampling rows: 100%|██████████| 10000/10000 [00:01<00:00, 8849.61it/s]
Sampling rows: 100%|██████████| 10000/10000 [00:01<00:00, 8613.32it/s]
Sampling rows: 100%|██████████| 10000/10000 [00:01<00:00, 8628.18it/s]
Sampling rows: 100%|██████████| 10000/10000 [00:01<00:00, 7961.83it/s]
合成 10 次 10K 筆時間 12.4419 秒
Sampling rows: : 33000it [00:03, 8918.97it/s]                         
合成一次同筆數時間 3.864 秒
Done: [Census]_[SDV]_[GaussianCoupula]_20231106_124246_Asia_Taipei
現在套件是CTGAN
訓練時間 2720.267 秒
Sampling rows: 100%|██████████| 10000/10000 [00:01<00:00, 6752.24it/s]
Sampling rows: 100%|██████████| 10000/10000 [00:01<00:00, 6825.98it/s]
Sampling rows: 100%|██████████| 10000/10000 [00:01<00:00, 7369.24it/s]
Sampling rows: 100%|██████████| 10000/10000 [00:01<00:00, 7272.77it/s]
Sampling rows: 100%|██████████| 10000/10000 [00:01<00:00, 7358.40it/s]
Sampling rows: 100%|██████████| 10000/10000 [00:01<00:00, 6662.27it/s]
Sampling rows: 100%|██████████| 10000/10000 [00:01<00:00, 7423.95it/s]
Sampling rows: 100%|██████████| 10000/10000 [00:01<00:00, 7117.48it/s]
Sampling rows: 100%|██████████| 10000/10000 [00:01<00:00, 7032.39it/s]
Sampling rows: 100%|██████████| 10000/10000 [00:01<00:00, 7412.94it/s]
合成 10 次 10K 筆時間 14.6969 秒
Sampling rows: : 33000it [00:04, 7152.19it/s]                         
合成一次同筆數時間 4.791 秒
Done: [Census]_[SDV]_[CTGAN]_20231106_124316_Asia_Taipei
現在套件是TVAE
訓練時間 1150.9488 秒
Sampling rows: 100%|██████████| 10000/10000 [00:01<00:00, 6973.54it/s]
Sampling rows: 100%|██████████| 10000/10000 [00:01<00:00, 6906.11it/s]
Sampling rows: 100%|██████████| 10000/10000 [00:01<00:00, 7552.92it/s]
Sampling rows: 100%|██████████| 10000/10000 [00:01<00:00, 7843.19it/s]
Sampling rows: 100%|██████████| 10000/10000 [00:01<00:00, 7855.51it/s]
Sampling rows: 100%|██████████| 10000/10000 [00:01<00:00, 7806.46it/s]
Sampling rows: 100%|██████████| 10000/10000 [00:01<00:00, 7256.94it/s]
Sampling rows: 100%|██████████| 10000/10000 [00:01<00:00, 7837.03it/s]
Sampling rows: 100%|██████████| 10000/10000 [00:01<00:00, 7674.63it/s]
Sampling rows: 100%|██████████| 10000/10000 [00:01<00:00, 7751.99it/s]
合成 10 次 10K 筆時間 13.7589 秒
Sampling rows: : 33000it [00:04, 7574.07it/s]                         
合成一次同筆數時間 4.458 秒
Done: [Census]_[SDV]_[TVAE]_20231106_132856_Asia_Taipei
現在套件是CoupulaGAN
訓練時間 2684.3938 秒
Sampling rows: 100%|██████████| 10000/10000 [00:02<00:00, 4557.92it/s]
Sampling rows: 100%|██████████| 10000/10000 [00:02<00:00, 4728.16it/s]
Sampling rows: 100%|██████████| 10000/10000 [00:02<00:00, 4926.13it/s]
Sampling rows: 100%|██████████| 10000/10000 [00:02<00:00, 4906.80it/s]
Sampling rows: 100%|██████████| 10000/10000 [00:02<00:00, 4456.36it/s]
Sampling rows: 100%|██████████| 10000/10000 [00:02<00:00, 4823.95it/s]
Sampling rows: 100%|██████████| 10000/10000 [00:02<00:00, 4083.32it/s]
Sampling rows: 100%|██████████| 10000/10000 [00:02<00:00, 4957.89it/s]
Sampling rows: 100%|██████████| 10000/10000 [00:02<00:00, 4943.19it/s]
Sampling rows: 100%|██████████| 10000/10000 [00:01<00:00, 5010.05it/s]
合成 10 次 10K 筆時間 21.6259 秒
Sampling rows: : 33000it [00:06, 4740.72it/s]                         
合成一次同筆數時間 7.074 秒
Done: [Census]_[SDV]_[CoupulaGAN]_20231106_134825_Asia_Taipei
Now is [NHANES] B.csv
讀 3*metafile 時間 0.032 秒
現在套件是GaussianCoupula
C:\Users\justyn.chen\AppData\Local\Packages\PythonSoftwareFoundation.Python.3.11_qbz5n2kfra8p0\LocalCache\local-packages\Python311\site-packages\rdt\transformers\numerical.py:112: UserWarning: No rounding scheme detected for column 'bmi'. Data will not be rounded.
  warnings.warn(
訓練時間 2.363 秒
Sampling rows: 100%|██████████| 10000/10000 [00:00<00:00, 10309.31it/s]
Sampling rows: 100%|██████████| 10000/10000 [00:01<00:00, 9970.14it/s] 
Sampling rows: 100%|██████████| 10000/10000 [00:01<00:00, 8496.22it/s]
Sampling rows: 100%|██████████| 10000/10000 [00:00<00:00, 10309.32it/s]
Sampling rows: 100%|██████████| 10000/10000 [00:00<00:00, 10775.93it/s]
Sampling rows: 100%|██████████| 10000/10000 [00:00<00:00, 10718.17it/s]
Sampling rows: 100%|██████████| 10000/10000 [00:00<00:00, 11049.79it/s]
Sampling rows: 100%|██████████| 10000/10000 [00:00<00:00, 10649.70it/s]
Sampling rows: 100%|██████████| 10000/10000 [00:00<00:00, 10471.27it/s]
Sampling rows: 100%|██████████| 10000/10000 [00:00<00:00, 10649.68it/s]
合成 10 次 10K 筆時間 10.3399 秒
Sampling rows: : 5000it [00:00, 10482.23it/s]                        
合成一次同筆數時間 0.503 秒
Done: [NHANES]_[SDV]_[GaussianCoupula]_20231106_143338_Asia_Taipei
現在套件是CTGAN
訓練時間 172.1454 秒
Sampling rows: 100%|██████████| 10000/10000 [00:01<00:00, 7570.07it/s]
Sampling rows: 100%|██████████| 10000/10000 [00:01<00:00, 8237.29it/s]
Sampling rows: 100%|██████████| 10000/10000 [00:01<00:00, 9149.19it/s]
Sampling rows: 100%|██████████| 10000/10000 [00:01<00:00, 9267.89it/s]
Sampling rows: 100%|██████████| 10000/10000 [00:01<00:00, 9267.92it/s]
Sampling rows: 100%|██████████| 10000/10000 [00:01<00:00, 9302.37it/s]
Sampling rows: 100%|██████████| 10000/10000 [00:01<00:00, 9372.12it/s]
Sampling rows: 100%|██████████| 10000/10000 [00:01<00:00, 8176.67it/s]
Sampling rows: 100%|██████████| 10000/10000 [00:01<00:00, 9066.23it/s]
Sampling rows: 100%|██████████| 10000/10000 [00:01<00:00, 9514.80it/s]
合成 10 次 10K 筆時間 11.8809 秒
Sampling rows: : 5000it [00:00, 8833.96it/s]                        
C:\Users\justyn.chen\AppData\Local\Packages\PythonSoftwareFoundation.Python.3.11_qbz5n2kfra8p0\LocalCache\local-packages\Python311\site-packages\rdt\transformers\numerical.py:112: UserWarning: No rounding scheme detected for column 'bmi'. Data will not be rounded.
  warnings.warn(
合成一次同筆數時間 0.594 秒
Done: [NHANES]_[SDV]_[CTGAN]_20231106_143352_Asia_Taipei
現在套件是TVAE
訓練時間 47.4685 秒
Sampling rows: 100%|██████████| 10000/10000 [00:01<00:00, 8532.49it/s]
Sampling rows: 100%|██████████| 10000/10000 [00:01<00:00, 8695.70it/s]
Sampling rows: 100%|██████████| 10000/10000 [00:01<00:00, 9302.37it/s]
Sampling rows: 100%|██████████| 10000/10000 [00:01<00:00, 9930.53it/s]
Sampling rows: 100%|██████████| 10000/10000 [00:00<00:00, 10050.26it/s]
Sampling rows: 100%|██████████| 10000/10000 [00:00<00:00, 10395.07it/s]
Sampling rows: 100%|██████████| 10000/10000 [00:01<00:00, 9267.91it/s] 
Sampling rows: 100%|██████████| 10000/10000 [00:01<00:00, 8583.75it/s]
Sampling rows: 100%|██████████| 10000/10000 [00:00<00:00, 10183.37it/s]
Sampling rows: 100%|██████████| 10000/10000 [00:00<00:00, 10352.03it/s]
合成 10 次 10K 筆時間 11.1049 秒
Sampling rows: : 5000it [00:00, 9191.23it/s]                        
C:\Users\justyn.chen\AppData\Local\Packages\PythonSoftwareFoundation.Python.3.11_qbz5n2kfra8p0\LocalCache\local-packages\Python311\site-packages\rdt\transformers\numerical.py:112: UserWarning: No rounding scheme detected for column 'bmi'. Data will not be rounded.
  warnings.warn(
合成一次同筆數時間 0.577 秒
Done: [NHANES]_[SDV]_[TVAE]_20231106_143656_Asia_Taipei
現在套件是CoupulaGAN
訓練時間 166.2597 秒
Sampling rows: 100%|██████████| 10000/10000 [00:01<00:00, 6365.42it/s]
Sampling rows: 100%|██████████| 10000/10000 [00:01<00:00, 6269.64it/s]
Sampling rows: 100%|██████████| 10000/10000 [00:01<00:00, 6930.05it/s]
Sampling rows: 100%|██████████| 10000/10000 [00:01<00:00, 6958.99it/s]
Sampling rows: 100%|██████████| 10000/10000 [00:01<00:00, 5878.93it/s]
Sampling rows: 100%|██████████| 10000/10000 [00:01<00:00, 6430.91it/s]
Sampling rows: 100%|██████████| 10000/10000 [00:01<00:00, 5991.65it/s]
Sampling rows: 100%|██████████| 10000/10000 [00:01<00:00, 7012.67it/s]
Sampling rows: 100%|██████████| 10000/10000 [00:01<00:00, 6968.67it/s]
Sampling rows: 100%|██████████| 10000/10000 [00:01<00:00, 7012.67it/s]
合成 10 次 10K 筆時間 15.8229 秒
Sampling rows: : 5000it [00:00, 6775.12it/s]                        
合成一次同筆數時間 0.762 秒
Done: [NHANES]_[SDV]_[CoupulaGAN]_20231106_143755_Asia_Taipei
Now is [Retail] Online Retail.xlsx
讀 3*metafile 時間 0.678 秒
現在套件是GaussianCoupula
C:\Users\justyn.chen\AppData\Local\Packages\PythonSoftwareFoundation.Python.3.11_qbz5n2kfra8p0\LocalCache\local-packages\Python311\site-packages\rdt\transformers\numerical.py:112: UserWarning: No rounding scheme detected for column 'UnitPrice'. Data will not be rounded.
  warnings.warn(
訓練時間 179.3789 秒
Sampling rows: 100%|██████████| 10000/10000 [00:01<00:00, 5763.72it/s]
Sampling rows: 100%|██████████| 10000/10000 [00:01<00:00, 6123.73it/s]
Sampling rows: 100%|██████████| 10000/10000 [00:01<00:00, 6184.31it/s]
Sampling rows: 100%|██████████| 10000/10000 [00:01<00:00, 6389.81it/s]
Sampling rows: 100%|██████████| 10000/10000 [00:01<00:00, 6261.77it/s]
Sampling rows: 100%|██████████| 10000/10000 [00:01<00:00, 5773.71it/s]
Sampling rows: 100%|██████████| 10000/10000 [00:01<00:00, 6357.32it/s]
Sampling rows: 100%|██████████| 10000/10000 [00:01<00:00, 6329.13it/s]
Sampling rows: 100%|██████████| 10000/10000 [00:01<00:00, 6333.16it/s]
Sampling rows: 100%|██████████| 10000/10000 [00:01<00:00, 6406.18it/s]
合成 10 次 10K 筆時間 16.6819 秒
Sampling rows: : 542000it [01:24, 6387.41it/s]                          
合成一次同筆數時間 86.8396 秒
Done: [Retail]_[SDV]_[GaussianCoupula]_20231106_144135_Asia_Taipei
現在套件是CTGAN
